<?xml version="1.0" encoding="UTF-8"?>
<!-- Generated by org.testng.reporters.JUnitXMLReporter -->
<testsuite ignored="0" hostname="LAPTOP-SDLQ3M27" failures="1" tests="2" name="Test2" time="19.839" errors="0" timestamp="2021-01-23T13:19:04 IST">
  <testcase classname="COM.SELENIUM.TOPICS._23_SoftAssert" name="TestCase_1" time="8.083">
    <failure type="java.lang.AssertionError" message="The following asserts failed:
	expected [Ho] but found [Home]">
      <![CDATA[java.lang.AssertionError: The following asserts failed:
expected [Ho] but found [Home]
at COM.SELENIUM.TOPICS._23_SoftAssert.TestCase_1(_23_SoftAssert.java:44)
at java.base/java.util.ArrayList.forEach(ArrayList.java:1511)
... Removed 29 stack frames]]>
    </failure>
  </testcase> <!-- TestCase_1 -->
  <testcase classname="COM.SELENIUM.TOPICS._23_SoftAssert" name="TestCase_2" time="11.319"/>
</testsuite> <!-- Test2 -->
